\BOOKMARK [1][-]{section.1}{\376\377\173\227\154\325}{}% 1
\BOOKMARK [2][-]{subsection.1.1}{\376\377\000D\000i\000s\000j\000o\000i\000n\000t\000\040\000S\000e\000t\000\040\000U\000n\000i\000o\000n\000\050\136\166\147\345\226\306\000:\000D\000S\000U\173\227\154\325\000\051}{section.1}% 2
\BOOKMARK [2][-]{subsection.1.2}{\376\377\000M\000e\000e\000t\000-\000i\000n\000-\000t\000h\000e\000-\000m\000i\000d\000d\000l\000e\000\050\000s\000p\000l\000i\000t\000\040\000a\000n\000d\000\040\000m\000e\000r\000g\000e\000\051}{section.1}% 3
\BOOKMARK [2][-]{subsection.1.3}{\376\377\133\127\173\046\116\062\123\071\221\115\173\227\154\325}{section.1}% 4
\BOOKMARK [3][-]{subsubsection.1.3.1}{\376\377\000K\000M\000P}{subsection.1.3}% 5
\BOOKMARK [2][-]{subsection.1.4}{\376\377\143\222\136\217\173\227\154\325}{section.1}% 6
\BOOKMARK [3][-]{subsubsection.1.4.1}{\376\377\137\353\220\037\143\222\136\217}{subsection.1.4}% 7
\BOOKMARK [3][-]{subsubsection.1.4.2}{\376\377\142\323\142\121\143\222\136\217}{subsection.1.4}% 8
\BOOKMARK [2][-]{subsection.1.5}{\376\377\122\250\140\001\211\304\122\022}{section.1}% 9
\BOOKMARK [2][-]{subsection.1.6}{\376\377\215\052\137\303\173\227\154\325}{section.1}% 10
\BOOKMARK [3][-]{subsubsection.1.6.1}{\376\377\000D\000a\000n\000c\000i\000n\000g\000\040\000L\000i\000n\000k\000e\000r}{subsection.1.6}% 11
\BOOKMARK [1][-]{section.2}{\376\377\145\160\143\156\176\323\147\204}{}% 12
\BOOKMARK [2][-]{subsection.2.1}{\376\377\224\376\210\150}{section.2}% 13
\BOOKMARK [2][-]{subsection.2.2}{\376\377\226\037\122\027}{section.2}% 14
\BOOKMARK [2][-]{subsection.2.3}{\376\377\150\010}{section.2}% 15
\BOOKMARK [2][-]{subsection.2.4}{\376\377\150\021}{section.2}% 16
\BOOKMARK [3][-]{subsubsection.2.4.1}{\376\377\000B\000-\000T\000r\000e\000e}{subsection.2.4}% 17
\BOOKMARK [3][-]{subsubsection.2.4.2}{\376\377\000A\000V\000L\000\040\000T\000r\000e\000e}{subsection.2.4}% 18
\BOOKMARK [3][-]{subsubsection.2.4.3}{\376\377\000R\000e\000d\000-\000B\000l\000a\000c\000k\000\040\000T\000r\000e\000e}{subsection.2.4}% 19
\BOOKMARK [3][-]{subsubsection.2.4.4}{\376\377\000V\000E\000b\000\040\000T\000r\000e\000e}{subsection.2.4}% 20
\BOOKMARK [3][-]{subsubsection.2.4.5}{\376\377\000S\000p\000a\000n\000n\000i\000n\000g\000\040\000T\000r\000e\000e}{subsection.2.4}% 21
\BOOKMARK [2][-]{subsection.2.5}{\376\377\126\376}{section.2}% 22
\BOOKMARK [2][-]{subsection.2.6}{\376\377\130\006}{section.2}% 23
\BOOKMARK [2][-]{subsection.2.7}{\376\377\145\143\122\027\210\150}{section.2}% 24
\BOOKMARK [1][-]{section.3}{\376\377\177\026\172\013\213\355\212\000}{}% 25
\BOOKMARK [2][-]{subsection.3.1}{\376\377\000C\000/\000C\000+\000+}{section.3}% 26
\BOOKMARK [3][-]{subsubsection.3.1.1}{\376\377\121\205\133\130\122\006\221\115}{subsection.3.1}% 27
\BOOKMARK [3][-]{subsubsection.3.1.2}{\376\377\000S\000T\000L}{subsection.3.1}% 28
\BOOKMARK [2][-]{subsection.3.2}{\376\377\000J\000A\000V\000A}{section.3}% 29
\BOOKMARK [2][-]{subsection.3.3}{\376\377\000P\000y\000t\000h\000o\000n}{section.3}% 30
\BOOKMARK [3][-]{subsubsection.3.3.1}{\376\377\210\305\231\160\126\150}{subsection.3.3}% 31
\BOOKMARK [1][-]{section.4}{\376\377\117\213\230\230}{}% 32
\BOOKMARK [2][-]{subsection.4.1}{\376\377\154\102\145\160\176\304\166\204\147\000\131\047\133\120\136\217\122\027\124\214}{section.4}% 33
\BOOKMARK [2][-]{subsection.4.2}{\376\377\000B\000i\000n\000a\000r\000y\000\040\000S\000e\000a\000r\000c\000h}{section.4}% 34
\BOOKMARK [2][-]{subsection.4.3}{\376\377\000A\000\040\000+\000\040\000B}{section.4}% 35
\BOOKMARK [2][-]{subsection.4.4}{\376\377\000T\000r\000a\000i\000l\000i\000n\000g\000\040\000Z\000e\000r\000o\000s}{section.4}% 36
\BOOKMARK [2][-]{subsection.4.5}{\376\377\000u\000g\000l\000y\000\040\000n\000u\000m\000b\000e\000r\000\040\000i\000i}{section.4}% 37
\BOOKMARK [1][-]{section.5}{\376\377\121\166\116\326}{}% 38
\BOOKMARK [2][-]{subsection.5.1}{\376\377\117\115\171\373\217\320\173\227}{section.5}% 39
